compiling application: HPC_BD_assignement3_18582431_15884392
mpirun
Running application: HPC_BD_assignement3_18582431_15884392
Allocated tasks: 4
Tasks per node: 2
Initial Matrix M:
0 1 1 1 0 0 0 1 1 0 
1 0 0 0 1 0 1 1 1 0 
1 0 0 0 1 1 0 1 1 0 
1 0 0 0 1 0 0 1 1 0 
0 1 1 1 0 0 1 1 1 1 
0 1 1 0 0 0 1 1 1 0 
1 0 0 1 0 1 0 0 0 1 
0 0 1 0 0 0 0 1 1 0 
0 1 0 0 0 1 0 0 0 1 
1 1 1 1 0 0 1 1 1 0 

 I, proc 0, have received chunk: 
              
    o o o     
  o       o   
  o       o   
  o       o   
    o o o     
              

 I, proc 1, have received chunk: 
              
      o o     
    o o o     
  o   o o     
      o o     
    o o o o   
              

 I, proc 2, have received chunk: 
              
    o o       
  o     o     
      o       
    o         
  o o o o     
              

 I, proc 3, have received chunk: 
              
    o o o     
  o       o   
      o o     
  o       o   
    o o o     
              
