compiling application: HPC_BD_assignement3_18582431_15884392
Running application: HPC_BD_assignement3_18582431_15884392
Allocated tasks: 128
Tasks per node: 64

CPUS:  1
srun: warning: can't run 1 processes on 2 nodes, setting nnodes to 1
Rank 0: matrix partitioning in 1 rows and 1 cols
[Iteration 9] [generation 10] Total live cells = 49
[Iteration 19] [generation 20] Total live cells = 71
[Iteration 29] [generation 30] Total live cells = 89
[Iteration 39] [generation 40] Total live cells = 88
[Iteration 49] [generation 50] Total live cells = 98
[Iteration 59] [generation 60] Total live cells = 96
[Iteration 69] [generation 70] Total live cells = 79
[Iteration 79] [generation 80] Total live cells = 96
[Iteration 89] [generation 90] Total live cells = 118
[Iteration 99] [generation 100] Total live cells = 138
Script finalised after 100 iterations after 1.642945 seconds
DONE 
CPUS:  2
[2026-01-25T20:43:40.348] error: mpi/pmi2: value not properly terminated in client request
[2026-01-25T20:43:40.348] error: mpi/pmi2: request not begin with 'cmd='
[2026-01-25T20:43:40.348] error: mpi/pmi2: full request is: 77CCAB330092210084

[2026-01-25T20:43:40.348] error: mpi/pmi2: invalid client request
Abort(15) on node 1: Fatal error in internal_Init: Other MPI error
Abort(15) on node 0: Fatal error in internal_Init: Other MPI error
srun: error: tcn251: task 1: Exited with exit code 15
srun: Terminating StepId=18676834.1
srun: error: tcn232: task 0: Exited with exit code 15
DONE 
CPUS:  4
[2026-01-25T20:43:42.426] error: mpi/pmi2: value not properly terminated in client request
[2026-01-25T20:43:42.426] error: mpi/pmi2: request not begin with 'cmd='
[2026-01-25T20:43:42.426] error: mpi/pmi2: full request is: 77CCAB330092210084

[2026-01-25T20:43:42.426] error: mpi/pmi2: invalid client request
Abort(15) on node 0: Fatal error in internal_Init: Other MPI error
Abort(15) on node 2: Fatal error in internal_Init: Other MPI error
srun: error: tcn232: task 0: Exited with exit code 15
srun: Terminating StepId=18676834.2
srun: error: tcn251: task 2: Exited with exit code 15
[2026-01-25T20:43:42.645] error: *** STEP 18676834.2 ON tcn232 CANCELLED AT 2026-01-25T20:43:42 DUE TO TASK FAILURE ***
srun: error: tcn251: task 3: Terminated
srun: error: tcn232: task 1: Terminated
srun: Force Terminated StepId=18676834.2
DONE 
